<?xml version="1.0" encoding="UTF-8"?>
<!-- Generated by org.testng.reporters.JUnitReportReporter -->
<testsuite hostname="DESKTOP-RVLROEG" failures="0" tests="4" name="api.test.UserTests2" time="10.284" errors="0" timestamp="2024-04-30T16:26:25 IST" skipped="0">
  <testcase classname="api.test.UserTests2" name="testPostUser" time="5.159"/>
  <system-out/>
  <testcase classname="api.test.UserTests2" name="testGetUserByName" time="1.456"/>
  <system-out/>
  <testcase classname="api.test.UserTests2" name="testUpdateUserByName" time="2.538"/>
  <system-out/>
  <testcase classname="api.test.UserTests2" name="testDeleteUserByName" time="1.131"/>
  <system-out/>
</testsuite> <!-- api.test.UserTests2 -->
