<?xml version="1.0" encoding="UTF-8"?>
<!-- Generated by org.testng.reporters.JUnitReportReporter -->
<testsuite hostname="DESKTOP-RVLROEG" failures="0" tests="6" name="api.test.DDTests" time="9.808" errors="0" timestamp="2024-04-29T10:07:43 IST" skipped="0">
  <testcase classname="api.test.DDTests" name="testPostuser" time="4.191"/>
  <system-out/>
  <testcase classname="api.test.DDTests" name="testPostuser" time="1.068"/>
  <system-out/>
  <testcase classname="api.test.DDTests" name="testPostuser" time="1.162"/>
  <system-out/>
  <testcase classname="api.test.DDTests" name="testDeleteUserByName" time="1.141"/>
  <system-out/>
  <testcase classname="api.test.DDTests" name="testDeleteUserByName" time="1.106"/>
  <system-out/>
  <testcase classname="api.test.DDTests" name="testDeleteUserByName" time="1.140"/>
  <system-out/>
</testsuite> <!-- api.test.DDTests -->
