<?xml version="1.0" encoding="UTF-8"?>
<!-- Generated by org.testng.reporters.JUnitReportReporter -->
<testsuite hostname="DESKTOP-RVLROEG" failures="0" tests="4" name="api.test.UserTests" time="9.335" errors="0" timestamp="2024-04-29T11:01:08 IST" skipped="0">
  <testcase classname="api.test.UserTests" name="testPostUser" time="4.708"/>
  <system-out/>
  <testcase classname="api.test.UserTests" name="testGetUserByName" time="1.163"/>
  <system-out/>
  <testcase classname="api.test.UserTests" name="testUpdateUserByName" time="2.255"/>
  <system-out/>
  <testcase classname="api.test.UserTests" name="testDeleteUserByName" time="1.209"/>
  <system-out/>
</testsuite> <!-- api.test.UserTests -->
