<?xml version="1.0" encoding="UTF-8"?>
<!-- Generated by org.testng.reporters.JUnitReportReporter -->
<testsuite hostname="DESKTOP-RVLROEG" failures="0" tests="4" name="api.test.UserTests" time="13.398" errors="0" timestamp="2024-04-29T21:39:36 IST" skipped="0">
  <testcase classname="api.test.UserTests" name="testPostUser" time="8.786"/>
  <system-out/>
  <testcase classname="api.test.UserTests" name="testGetUserByName" time="1.161"/>
  <system-out/>
  <testcase classname="api.test.UserTests" name="testUpdateUserByName" time="2.316"/>
  <system-out/>
  <testcase classname="api.test.UserTests" name="testDeleteUserByName" time="1.135"/>
  <system-out/>
</testsuite> <!-- api.test.UserTests -->
