<?xml version="1.0" encoding="UTF-8"?>
<!-- Generated by org.testng.reporters.JUnitReportReporter -->
<testsuite hostname="DESKTOP-RVLROEG" failures="0" tests="6" name="api.test.DDTests" time="11.072" errors="0" timestamp="2024-04-29T21:44:53 IST" skipped="0">
  <testcase classname="api.test.DDTests" name="testPostuser" time="1.172"/>
  <system-out/>
  <testcase classname="api.test.DDTests" name="testPostuser" time="1.144"/>
  <system-out/>
  <testcase classname="api.test.DDTests" name="testPostuser" time="5.395"/>
  <system-out/>
  <testcase classname="api.test.DDTests" name="testDeleteUserByName" time="1.142"/>
  <system-out/>
  <testcase classname="api.test.DDTests" name="testDeleteUserByName" time="1.065"/>
  <system-out/>
  <testcase classname="api.test.DDTests" name="testDeleteUserByName" time="1.154"/>
  <system-out/>
</testsuite> <!-- api.test.DDTests -->
