<?xml version="1.0" encoding="UTF-8"?>
<!-- Generated by org.testng.reporters.JUnitReportReporter -->
<testsuite hostname="DESKTOP-RVLROEG" failures="0" tests="4" name="api.test.UserTests2" time="8.447" errors="0" timestamp="2024-04-29T11:31:46 IST" skipped="0">
  <testcase classname="api.test.UserTests2" name="testPostUser" time="3.876"/>
  <system-out/>
  <testcase classname="api.test.UserTests2" name="testGetUserByName" time="1.200"/>
  <system-out/>
  <testcase classname="api.test.UserTests2" name="testUpdateUserByName" time="2.281"/>
  <system-out/>
  <testcase classname="api.test.UserTests2" name="testDeleteUserByName" time="1.090"/>
  <system-out/>
</testsuite> <!-- api.test.UserTests2 -->
