<?xml version="1.0" encoding="UTF-8"?>
<!-- Generated by org.testng.reporters.JUnitReportReporter -->
<testsuite hostname="DESKTOP-RVLROEG" failures="0" tests="4" name="api.test.UserTests2" time="10.565" errors="0" timestamp="2024-04-29T16:10:25 IST" skipped="0">
  <testcase classname="api.test.UserTests2" name="testPostUser" time="6.125"/>
  <system-out/>
  <testcase classname="api.test.UserTests2" name="testGetUserByName" time="1.160"/>
  <system-out/>
  <testcase classname="api.test.UserTests2" name="testUpdateUserByName" time="2.174"/>
  <system-out/>
  <testcase classname="api.test.UserTests2" name="testDeleteUserByName" time="1.106"/>
  <system-out/>
</testsuite> <!-- api.test.UserTests2 -->
