<?xml version="1.0" encoding="UTF-8"?>
<!-- Generated by org.testng.reporters.JUnitReportReporter -->
<testsuite hostname="DESKTOP-RVLROEG" failures="0" tests="4" name="api.test.UserTests2" time="9.899" errors="0" timestamp="2024-04-30T20:57:24 IST" skipped="0">
  <testcase classname="api.test.UserTests2" name="testPostUser" time="5.074"/>
  <system-out/>
  <testcase classname="api.test.UserTests2" name="testGetUserByName" time="1.222"/>
  <system-out/>
  <testcase classname="api.test.UserTests2" name="testUpdateUserByName" time="2.396"/>
  <system-out/>
  <testcase classname="api.test.UserTests2" name="testDeleteUserByName" time="1.207"/>
  <system-out/>
</testsuite> <!-- api.test.UserTests2 -->
